<?xml version="1.0" encoding="UTF-8"?>
<!-- Generated by org.testng.reporters.JUnitReportReporter -->
<testsuite hostname="LAPTOP-T56UHHLO" failures="0" tests="1" name="Module1_Login_Test.SwagLabLogin_Test" time="4.824" errors="0" timestamp="2023-05-13T16:43:13 IST" skipped="0">
  <testcase classname="Module1_Login_Test.SwagLabLogin_Test" name="verifyAddToCartBtnConvertToRemoveBtn" time="4.824"/>
  <system-out/>
</testsuite> <!-- Module1_Login_Test.SwagLabLogin_Test -->
